Determining if the pthread_create exist failed with the following output:
Change Dir: /home/shinchan/Udacity/term3/CarND-Capstone/ros/build/CMakeFiles/CMakeTmp

Run Build Command:"/usr/bin/make" "cmTC_8fe9a/fast"
/usr/bin/make -f CMakeFiles/cmTC_8fe9a.dir/build.make CMakeFiles/cmTC_8fe9a.dir/build
make[1]: Entering directory '/home/shinchan/Udacity/term3/CarND-Capstone/ros/build/CMakeFiles/CMakeTmp'
Building C object CMakeFiles/cmTC_8fe9a.dir/CheckSymbolExists.c.o
/usr/bin/cc    -o CMakeFiles/cmTC_8fe9a.dir/CheckSymbolExists.c.o   -c /home/shinchan/Udacity/term3/CarND-Capstone/ros/build/CMakeFiles/CMakeTmp/CheckSymbolExists.c
Linking C executable cmTC_8fe9a
/usr/local/bin/cmake -E cmake_link_script CMakeFiles/cmTC_8fe9a.dir/link.txt --verbose=1
/usr/bin/cc      -rdynamic CMakeFiles/cmTC_8fe9a.dir/CheckSymbolExists.c.o  -o cmTC_8fe9a 
CMakeFiles/cmTC_8fe9a.dir/CheckSymbolExists.c.o: In function `main':
CheckSymbolExists.c:(.text+0x16): undefined reference to `pthread_create'
collect2: error: ld returned 1 exit status
CMakeFiles/cmTC_8fe9a.dir/build.make:97: recipe for target 'cmTC_8fe9a' failed
make[1]: *** [cmTC_8fe9a] Error 1
make[1]: Leaving directory '/home/shinchan/Udacity/term3/CarND-Capstone/ros/build/CMakeFiles/CMakeTmp'
Makefile:126: recipe for target 'cmTC_8fe9a/fast' failed
make: *** [cmTC_8fe9a/fast] Error 2

File /home/shinchan/Udacity/term3/CarND-Capstone/ros/build/CMakeFiles/CMakeTmp/CheckSymbolExists.c:
/* */
#include <pthread.h>

int main(int argc, char** argv)
{
  (void)argv;
#ifndef pthread_create
  return ((int*)(&pthread_create))[argc];
#else
  (void)argc;
  return 0;
#endif
}

Determining if the function pthread_create exists in the pthreads failed with the following output:
Change Dir: /home/shinchan/Udacity/term3/CarND-Capstone/ros/build/CMakeFiles/CMakeTmp

Run Build Command:"/usr/bin/make" "cmTC_44b23/fast"
/usr/bin/make -f CMakeFiles/cmTC_44b23.dir/build.make CMakeFiles/cmTC_44b23.dir/build
make[1]: Entering directory '/home/shinchan/Udacity/term3/CarND-Capstone/ros/build/CMakeFiles/CMakeTmp'
Building C object CMakeFiles/cmTC_44b23.dir/CheckFunctionExists.c.o
/usr/bin/cc   -DCHECK_FUNCTION_EXISTS=pthread_create   -o CMakeFiles/cmTC_44b23.dir/CheckFunctionExists.c.o   -c /usr/local/share/cmake-3.10/Modules/CheckFunctionExists.c
Linking C executable cmTC_44b23
/usr/local/bin/cmake -E cmake_link_script CMakeFiles/cmTC_44b23.dir/link.txt --verbose=1
/usr/bin/cc  -DCHECK_FUNCTION_EXISTS=pthread_create    -rdynamic CMakeFiles/cmTC_44b23.dir/CheckFunctionExists.c.o  -o cmTC_44b23 -lpthreads 
/usr/bin/ld: cannot find -lpthreads
collect2: error: ld returned 1 exit status
CMakeFiles/cmTC_44b23.dir/build.make:97: recipe for target 'cmTC_44b23' failed
make[1]: *** [cmTC_44b23] Error 1
make[1]: Leaving directory '/home/shinchan/Udacity/term3/CarND-Capstone/ros/build/CMakeFiles/CMakeTmp'
Makefile:126: recipe for target 'cmTC_44b23/fast' failed
make: *** [cmTC_44b23/fast] Error 2


